--- Startup times for process: Primary (or UI client) ---

times in msec
 clock   self+sourced   self:  sourced script
 clock   elapsed:              other lines

000.001  000.001: --- NVIM STARTING ---
000.208  000.207: event init
000.387  000.179: early init
000.740  000.352: locale set
000.798  000.059: init first window
001.250  000.452: inits 1
001.261  000.011: window checked
001.312  000.051: parsing arguments
002.171  000.075  000.075: require('vim.shared')
002.307  000.055  000.055: require('vim.inspect')
002.375  000.054  000.054: require('vim._options')
002.378  000.201  000.092: require('vim._editor')
002.380  000.321  000.045: require('vim._init_packages')
002.382  000.748: init lua interpreter
005.098  002.716: nvim_ui_attach
007.080  001.982: nvim_set_client_info
007.087  000.006: --- NVIM STARTED ---

--- Startup times for process: Embedded ---

times in msec
 clock   self+sourced   self:  sourced script
 clock   elapsed:              other lines

000.001  000.001: --- NVIM STARTING ---
000.582  000.581: event init
000.719  000.137: early init
001.083  000.364: locale set
001.145  000.062: init first window
001.613  000.468: inits 1
001.633  000.019: window checked
001.687  000.055: parsing arguments
002.460  000.068  000.068: require('vim.shared')
002.597  000.055  000.055: require('vim.inspect')
002.665  000.054  000.054: require('vim._options')
002.668  000.200  000.092: require('vim._editor')
002.669  000.320  000.052: require('vim._init_packages')
002.672  000.665: init lua interpreter
006.705  004.033: expanding arguments
006.742  000.036: inits 2
007.100  000.358: init highlight
007.104  000.004: waiting for UI
007.311  000.208: done waiting for UI
007.319  000.008: clear screen
007.515  000.019  000.019: require('vim.keymap')
008.642  000.173  000.173: sourcing nvim_exec2()
009.457  000.667  000.667: require('vim.termcap')
009.527  000.033  000.033: require('vim.text')
009.809  002.482  001.590: require('vim._defaults')
009.818  000.016: init default mappings & autocommands
009.964  000.106  000.106: sourcing /usr/share/nvim/runtime/ftplugin.vim
010.038  000.032  000.032: sourcing /usr/share/nvim/runtime/indent.vim
010.142  000.034  000.034: sourcing $VIM/sysinit.vim
011.166  000.137  000.137: require('vim.fs')
011.318  000.140  000.140: require('vim.uri')
011.349  000.352  000.076: require('vim.loader')
011.701  001.489  001.137: require('options')
011.849  000.143  000.143: require('autocmds')
011.897  000.045  000.045: require('keymaps')
012.655  000.656  000.656: require('lazy')
012.712  000.030  000.030: require('ffi')
012.966  000.246  000.246: require('lazy.stats')
013.133  000.136  000.136: require('lazy.core.util')
013.322  000.186  000.186: require('lazy.core.config')
013.697  000.191  000.191: require('lazy.core.handler')
014.148  000.167  000.167: require('lazy.pkg')
014.156  000.336  000.170: require('lazy.core.meta')
014.166  000.464  000.128: require('lazy.core.plugin')
014.174  000.846  000.190: require('lazy.core.loader')
014.985  000.125  000.125: require('lazy.core.fragments')
017.716  000.089  000.089: require('lazy.core.handler.event')
017.729  000.172  000.083: require('lazy.core.handler.ft')
017.791  000.058  000.058: require('lazy.core.handler.keys')
017.834  000.039  000.039: require('lazy.core.handler.cmd')
019.399  000.123  000.123: sourcing nvim_exec2() called at /usr/share/nvim/runtime/filetype.lua:0
019.405  000.257  000.134: sourcing /usr/share/nvim/runtime/filetype.lua
019.410  000.308  000.050: sourcing nvim_exec2() called at /home/vishnu/.config/nvim/init.lua:0
019.593  000.003  000.003: sourcing nvim_exec2() called at /home/vishnu/.config/nvim/init.lua:0
019.602  000.001  000.001: sourcing nvim_exec2() called at /home/vishnu/.config/nvim/init.lua:0
019.802  000.192  000.192: require('kanagawa')
020.008  000.006  000.006: sourcing nvim_exec2() called at /home/vishnu/.config/nvim/init.lua:0
020.021  000.002  000.002: sourcing nvim_exec2() called at /home/vishnu/.config/nvim/init.lua:0
020.656  000.629  000.629: require('mini.surround')
021.405  000.090  000.090: sourcing /usr/share/nvim/runtime/plugin/editorconfig.lua
021.413  000.123  000.033: sourcing nvim_exec2() called at /home/vishnu/.config/nvim/init.lua:0
021.467  000.030  000.030: sourcing /usr/share/nvim/runtime/plugin/gzip.vim
021.470  000.048  000.019: sourcing nvim_exec2() called at /home/vishnu/.config/nvim/init.lua:0
021.571  000.084  000.084: sourcing /usr/share/nvim/runtime/plugin/man.lua
021.576  000.100  000.016: sourcing nvim_exec2() called at /home/vishnu/.config/nvim/init.lua:0
021.616  000.015  000.015: sourcing /usr/share/nvim/runtime/plugin/matchit.vim
021.619  000.033  000.018: sourcing nvim_exec2() called at /home/vishnu/.config/nvim/init.lua:0
021.834  000.197  000.197: sourcing /usr/share/nvim/runtime/plugin/matchparen.vim
021.842  000.215  000.019: sourcing nvim_exec2() called at /home/vishnu/.config/nvim/init.lua:0
021.898  000.012  000.012: sourcing /usr/share/nvim/runtime/plugin/netrwPlugin.vim
021.903  000.048  000.036: sourcing nvim_exec2() called at /home/vishnu/.config/nvim/init.lua:0
022.035  000.108  000.108: sourcing /usr/share/nvim/runtime/plugin/osc52.lua
022.040  000.132  000.024: sourcing nvim_exec2() called at /home/vishnu/.config/nvim/init.lua:0
022.294  000.182  000.182: sourcing /usr/share/nvim/runtime/plugin/rplugin.vim
022.298  000.218  000.036: sourcing nvim_exec2() called at /home/vishnu/.config/nvim/init.lua:0
022.469  000.080  000.080: sourcing /usr/share/nvim/runtime/plugin/shada.vim
022.477  000.156  000.077: sourcing nvim_exec2() called at /home/vishnu/.config/nvim/init.lua:0
022.560  000.031  000.031: sourcing /usr/share/nvim/runtime/plugin/spec.vim
022.564  000.069  000.039: sourcing nvim_exec2() called at /home/vishnu/.config/nvim/init.lua:0
022.603  000.010  000.010: sourcing /usr/share/nvim/runtime/plugin/spellfile.vim
022.607  000.036  000.026: sourcing nvim_exec2() called at /home/vishnu/.config/nvim/init.lua:0
022.645  000.012  000.012: sourcing /usr/share/nvim/runtime/plugin/tarPlugin.vim
022.648  000.037  000.025: sourcing nvim_exec2() called at /home/vishnu/.config/nvim/init.lua:0
022.762  000.077  000.077: sourcing /usr/share/nvim/runtime/plugin/tohtml.lua
022.767  000.100  000.022: sourcing nvim_exec2() called at /home/vishnu/.config/nvim/init.lua:0
022.813  000.011  000.011: sourcing /usr/share/nvim/runtime/plugin/tutor.vim
022.816  000.038  000.027: sourcing nvim_exec2() called at /home/vishnu/.config/nvim/init.lua:0
022.855  000.012  000.012: sourcing /usr/share/nvim/runtime/plugin/zipPlugin.vim
022.859  000.032  000.020: sourcing nvim_exec2() called at /home/vishnu/.config/nvim/init.lua:0
023.001  011.102  006.083: require('configs.lazy')
023.217  013.045  000.265: sourcing /home/vishnu/.config/nvim/init.lua
023.246  000.212: sourcing vimrc file(s)
023.506  000.164  000.164: sourcing /usr/share/nvim/runtime/filetype.lua
023.825  000.140  000.140: sourcing /usr/share/nvim/runtime/syntax/synload.vim
024.015  000.438  000.298: sourcing /usr/share/nvim/runtime/syntax/syntax.vim
024.042  000.194: inits 3
029.044  005.003: reading ShaDa
031.064  000.024  000.024: sourcing nvim_exec2() called at BufReadPre Autocommands for "*":0
031.101  000.004  000.004: sourcing nvim_exec2() called at BufReadPre Autocommands for "*":0
034.760  000.027  000.027: sourcing nvim_exec2() called at /home/vishnu/.local/share/nvim/lazy/mason-tool-installer.nvim/plugin/mason-tool-installer.lua:0
034.813  000.004  000.004: sourcing nvim_exec2() called at /home/vishnu/.local/share/nvim/lazy/mason-tool-installer.nvim/plugin/mason-tool-installer.lua:0
036.238  000.381  000.381: require('mason-core.path')
037.524  000.279  000.279: require('mason-core.functional.data')
037.628  000.086  000.086: require('mason-core.functional.function')
037.767  000.126  000.126: require('mason-core.functional.list')
037.915  000.129  000.129: require('mason-core.functional.relation')
038.050  000.126  000.126: require('mason-core.functional.logic')
038.121  000.064  000.064: require('mason-core.functional.number')
038.205  000.073  000.073: require('mason-core.functional.string')
038.281  000.068  000.068: require('mason-core.functional.table')
038.350  000.061  000.061: require('mason-core.functional.type')
038.357  001.331  000.319: require('mason-core.functional')
038.482  002.227  000.896: require('mason-core.platform')
038.975  000.489  000.489: require('mason.settings')
038.991  003.553  000.457: require('mason-core.installer.InstallLocation')
039.442  000.230  000.230: require('mason-core.log')
039.450  000.317  000.086: require('mason-core.EventEmitter')
039.575  000.121  000.121: require('mason-registry.sources')
039.586  000.591  000.153: require('mason-registry')
039.590  004.708  000.563: require('mason')
040.085  000.212  000.212: require('mason.api.command')
040.130  007.642  002.691: require('mason-registry')
040.200  000.067  000.067: require('mason.version')
040.220  008.405  000.696: require('mason-tool-installer')
040.340  008.683  000.278: sourcing /home/vishnu/.local/share/nvim/lazy/mason-tool-installer.nvim/plugin/mason-tool-installer.lua
040.361  008.775  000.091: sourcing nvim_exec2() called at BufReadPre Autocommands for "*":0
040.399  000.019  000.019: sourcing nvim_exec2() called at BufReadPre Autocommands for "*":0
040.426  000.003  000.003: sourcing nvim_exec2() called at BufReadPre Autocommands for "*":0
040.581  000.004  000.004: sourcing nvim_exec2() called at BufReadPre Autocommands for "*":0
040.597  000.002  000.002: sourcing nvim_exec2() called at BufReadPre Autocommands for "*":0
042.439  000.728  000.728: require('fidget.spinner.patterns')
042.463  000.811  000.083: require('fidget.spinner')
042.669  000.196  000.196: require('fidget.options')
042.687  001.118  000.111: require('fidget.progress.display')
043.143  000.204  000.204: require('fidget.logger')
043.956  000.371  000.371: require('vim.lsp.log')
045.682  001.715  001.715: require('vim.lsp.protocol')
047.106  001.384  001.384: require('vim.lsp.util')
047.927  000.265  000.265: require('vim.lsp.sync')
047.965  000.829  000.564: require('vim.lsp._changetracking')
048.548  000.262  000.262: require('vim.lsp._transport')
048.602  000.628  000.366: require('vim.lsp.rpc')
048.955  005.798  000.870: require('vim.lsp')
050.115  000.731  000.731: require('vim.lsp.completion')
050.504  001.532  000.801: require('vim.lsp.handlers')
050.544  007.852  000.318: require('fidget.progress.lsp')
052.197  000.126  000.126: require('fidget.poll')
052.219  000.688  000.562: require('fidget.notification.model')
052.427  000.204  000.204: require('fidget.notification.window')
052.549  000.117  000.117: require('fidget.notification.view')
052.672  001.765  000.755: require('fidget.notification')
052.680  002.132  000.367: require('fidget.progress.handle')
052.768  011.307  000.205: require('fidget.progress')
053.189  000.408  000.408: require('fidget.commands')
053.426  000.121  000.121: require('fidget.integration.nvim-tree')
053.539  000.107  000.107: require('fidget.integration.xcodebuild-nvim')
053.816  000.613  000.386: require('fidget.integration')
053.843  013.194  000.866: require('fidget')
057.367  000.484  000.484: require('lspconfig.util')
057.540  000.142  000.142: require('vim.version')
061.805  005.058  004.432: sourcing /home/vishnu/.local/share/nvim/lazy/nvim-lspconfig/plugin/lspconfig.lua
061.854  005.180  000.122: sourcing nvim_exec2() called at BufReadPre Autocommands for "*":0
061.970  000.024  000.024: sourcing nvim_exec2() called at BufReadPre Autocommands for "*":0
062.034  000.004  000.004: sourcing nvim_exec2() called at BufReadPre Autocommands for "*":0
062.721  000.013  000.013: require('vim.F')
062.806  000.658  000.645: require('vim.diagnostic')
064.091  000.026  000.026: sourcing nvim_exec2() called at BufReadPre Autocommands for "*":0
064.128  000.004  000.004: sourcing nvim_exec2() called at BufReadPre Autocommands for "*":0
064.390  000.005  000.005: sourcing nvim_exec2() called at BufReadPre Autocommands for "*":0
064.407  000.002  000.002: sourcing nvim_exec2() called at BufReadPre Autocommands for "*":0
064.642  000.004  000.004: sourcing nvim_exec2() called at BufReadPre Autocommands for "*":0
064.657  000.002  000.002: sourcing nvim_exec2() called at BufReadPre Autocommands for "*":0
065.750  000.011  000.011: sourcing nvim_exec2() called at /home/vishnu/.local/share/nvim/lazy/cmp-sql/after/plugin/cmp_sql.lua:0
065.778  000.004  000.004: sourcing nvim_exec2() called at /home/vishnu/.local/share/nvim/lazy/cmp-sql/after/plugin/cmp_sql.lua:0
066.656  000.240  000.240: require('blink.compat')
066.666  000.740  000.500: require('blink-compat')
066.767  000.098  000.098: require('blink.compat.config')
066.905  000.107  000.107: require('blink.compat.event')
066.990  000.080  000.080: require('blink.compat.registry')
067.254  000.141  000.141: require('cmp.core')
067.491  000.232  000.232: require('cmp.types.cmp')
067.846  000.096  000.096: require('blink.compat.lib.utils')
067.877  000.375  000.279: require('cmp.types.lsp')
068.015  000.134  000.134: require('cmp.setup')
068.101  000.082  000.082: require('cmp.config')
068.107  003.232  001.228: require('cmp')
068.533  000.317  000.317: require('cmp_sql.sql')
068.540  000.431  000.114: require('cmp_sql')
068.548  003.782  000.120: sourcing /home/vishnu/.local/share/nvim/lazy/cmp-sql/after/plugin/cmp_sql.lua
068.563  003.862  000.079: sourcing nvim_exec2() called at BufReadPre Autocommands for "*":0
069.231  000.333  000.333: require('blink.cmp')
069.864  000.280  000.280: require('blink.cmp.lib.async')
070.124  000.107  000.107: require('blink.cmp.config.utils')
070.234  000.100  000.100: require('blink.cmp.config.keymap')
070.428  000.085  000.085: require('blink.cmp.config.completion.keyword')
070.529  000.097  000.097: require('blink.cmp.config.completion.trigger')
070.637  000.104  000.104: require('blink.cmp.config.completion.list')
070.917  000.277  000.277: require('blink.cmp.config.completion.accept')
071.356  000.429  000.429: require('blink.cmp.config.completion.menu')
071.745  000.330  000.330: require('blink.cmp.config.completion.documentation')
071.932  000.181  000.181: require('blink.cmp.config.completion.ghost_text')
071.936  001.698  000.196: require('blink.cmp.config.completion')
072.154  000.216  000.216: require('blink.cmp.config.fuzzy')
072.413  000.255  000.255: require('blink.cmp.config.sources')
072.601  000.183  000.183: require('blink.cmp.config.signature')
072.784  000.180  000.180: require('blink.cmp.config.snippets')
072.944  000.156  000.156: require('blink.cmp.config.appearance')
073.103  000.155  000.155: require('blink.cmp.config.modes.cmdline')
073.230  000.123  000.123: require('blink.cmp.config.modes.term')
073.236  003.363  000.191: require('blink.cmp.config')
073.374  000.131  000.131: require('blink.cmp.lib.event_emitter')
073.684  000.306  000.306: require('blink.cmp.lib.utils')
073.711  004.474  000.394: require('blink.cmp.sources.lib')
073.757  004.958  000.151: sourcing /home/vishnu/.local/share/nvim/lazy/blink.cmp/plugin/blink-cmp.lua
073.777  005.041  000.082: sourcing nvim_exec2() called at BufReadPre Autocommands for "*":0
073.819  000.021  000.021: sourcing nvim_exec2() called at BufReadPre Autocommands for "*":0
073.869  000.003  000.003: sourcing nvim_exec2() called at BufReadPre Autocommands for "*":0
074.268  000.131  000.131: require('blink-cmp')
077.696  000.361  000.361: require('blink.cmp.config.modes.types')
080.360  000.195  000.195: require('blink.cmp.fuzzy.download.system')
080.557  000.596  000.401: require('blink.cmp.fuzzy.download.files')
080.565  000.800  000.205: require('blink.cmp.fuzzy.download.git')
080.573  001.131  000.331: require('blink.cmp.fuzzy.download')
080.599  017.615  007.022: require('blink.cmp')
081.315  000.099  000.099: require('mason-lspconfig.settings')
081.325  000.291  000.191: require('mason-lspconfig')
082.874  000.423  000.423: require('mason-core.async')
083.480  000.325  000.325: require('mason-core.async.control')
084.202  000.718  000.718: require('mason-core.result')
085.042  000.198  000.198: require('mason-core.async.uv')
085.081  000.869  000.671: require('mason-core.fs')
085.183  002.299  000.386: require('mason-registry.installer')
086.060  000.092  000.092: require('mason-core.optional')
086.426  000.202  000.202: require('mason-core.process')
086.643  000.213  000.213: require('mason-core.spawn')
086.656  000.503  000.088: require('mason-core.installer.managers.powershell')
086.664  000.593  000.090: require('mason-core.fetch')
086.745  000.079  000.079: require('mason-core.providers')
087.197  000.205  000.205: require('mason-core.purl')
087.222  000.324  000.119: require('mason-core.package.AbstractPackage')
087.617  000.090  000.090: require('mason-core.installer.compiler.expr')
087.635  000.202  000.112: require('mason-core.installer.compiler.link')
088.286  000.070  000.070: require('mason-core.installer.context.InstallContextCwd')
088.365  000.070  000.070: require('mason-core.installer.context.InstallContextFs')
088.424  000.056  000.056: require('mason-core.installer.context.InstallContextSpawn')
088.590  000.081  000.081: require('mason-core.receipt')
088.629  000.651  000.374: require('mason-core.installer.context')
088.632  000.720  000.069: require('mason-core.installer')
088.662  000.871  000.151: require('mason-core.installer.managers.std')
088.665  001.028  000.157: require('mason-core.installer.compiler.schemas')
088.734  000.066  000.066: require('mason-core.installer.compiler.util')
088.752  001.433  000.137: require('mason-core.installer.compiler')
088.832  000.077  000.077: require('mason-core.installer.linker')
088.839  001.614  000.104: require('mason-core.installer.InstallRunner')
088.907  000.065  000.065: require('mason-core.installer.UninstallRunner')
088.922  002.112  000.109: require('mason-core.package')
088.926  002.178  000.066: require('mason-registry.sources.util')
088.941  003.190  000.248: require('mason-registry.sources.github')
100.478  000.094  000.094: require('mason-lspconfig.mappings')
100.501  000.806  000.711: require('mason-lspconfig.features.automatic_enable')
202.016  000.062  000.062: require('mason-lspconfig.notify')
202.089  000.298  000.236: require('mason-lspconfig.api.command')
204.835  000.176  000.176: require('nvim-treesitter.utils')
205.931  000.093  000.093: require('vim.treesitter.language')
205.983  000.043  000.043: require('vim.func')
206.037  000.046  000.046: require('vim.func._memoize')
206.118  000.490  000.308: require('vim.treesitter.query')
206.180  000.058  000.058: require('vim.treesitter._range')
206.204  000.696  000.147: require('vim.treesitter.languagetree')
206.214  000.814  000.118: require('vim.treesitter')
207.607  002.756  001.942: require('nvim-treesitter.parsers')
208.268  000.107  000.107: require('nvim-treesitter.compat')
208.544  000.184  000.184: require('nvim-treesitter.ts_utils')
208.554  000.280  000.096: require('nvim-treesitter.tsrange')
208.647  000.091  000.091: require('nvim-treesitter.caching')
208.672  000.686  000.207: require('nvim-treesitter.query')
208.707  000.916  000.230: require('nvim-treesitter.configs')
208.718  001.098  000.183: require('nvim-treesitter.info')
208.936  000.215  000.215: require('nvim-treesitter.shell_command_selectors')
209.034  004.532  000.287: require('nvim-treesitter.install')
209.164  000.124  000.124: require('nvim-treesitter.statusline')
209.285  000.118  000.118: require('nvim-treesitter.query_predicates')
209.290  005.272  000.498: require('nvim-treesitter')
209.538  000.237  000.237: require('vim.iter')
210.936  007.023  001.513: sourcing /home/vishnu/.local/share/nvim/lazy/nvim-treesitter/plugin/nvim-treesitter.lua
210.970  007.123  000.101: sourcing nvim_exec2() called at BufReadPost Autocommands for "*":0
211.009  000.010  000.010: sourcing nvim_exec2() called at BufReadPost Autocommands for "*":0
211.057  000.003  000.003: sourcing nvim_exec2() called at BufReadPost Autocommands for "*":0
211.260  000.176  000.176: require('configs.treesitter')
212.884  000.118  000.118: require('nvim-treesitter.highlight')
213.522  000.228  000.228: sourcing /home/vishnu/.local/share/nvim/lazy/rainbow-delimiters.nvim/plugin/rainbow-delimiters.lua
213.535  000.297  000.068: sourcing nvim_exec2() called at BufReadPost Autocommands for "*":0
213.548  000.004  000.004: sourcing nvim_exec2() called at BufReadPost Autocommands for "*":0
213.567  000.002  000.002: sourcing nvim_exec2() called at BufReadPost Autocommands for "*":0
222.853  009.198  009.198: require('vim.filetype')
226.051  000.186  000.186: sourcing /usr/share/nvim/runtime/ftplugin/lua.vim
237.614  001.147  001.147: require('vim.treesitter.highlighter')
241.135  015.048  013.901: sourcing /usr/share/nvim/runtime/ftplugin/lua.lua
242.324  000.083  000.083: sourcing /usr/share/nvim/runtime/indent/lua.vim
244.066  000.347  000.347: require('vim.lsp.client')
244.570  000.136  000.136: require('vim._system')
254.477  000.150  000.150: require('rainbow-delimiters.config')
254.674  000.111  000.111: require('rainbow-delimiters.log')
254.758  000.078  000.078: require('rainbow-delimiters.util')
254.768  000.281  000.091: require('rainbow-delimiters.lib')
255.007  000.089  000.089: require('vim.hl')
255.189  000.048  000.048: require('rainbow-delimiters.stack')
255.296  000.051  000.051: require('rainbow-delimiters.set')
255.299  000.108  000.057: require('rainbow-delimiters.match-tree')
255.306  000.242  000.086: require('rainbow-delimiters.strategy.global.current')
255.307  000.295  000.053: require('rainbow-delimiters.strategy.global')
255.321  000.468  000.084: require('rainbow-delimiters.default')
256.158  000.132  000.132: require('editorconfig')
256.321  140.702: opening buffers
256.324  000.002: BufEnter autocommands
256.328  000.005: editing files in windows
256.434  000.106: VimEnter autocommands
256.642  000.208: UIEnter autocommands
256.646  000.004: before starting main loop
273.925  017.279: first screen update
273.933  000.008: --- NVIM STARTED ---

